Removed Member From Class: ClassName=actuatorDriver Member=C1_MOT
Removed Member From Class: ClassName=actuatorDriver Member=C2_MOT
Removed Member From Class: ClassName=Sensor Member=C18_S2
Removed Member From Class: ClassName=Sensor Member=C19_S2
Removed Member From Class: ClassName=Sensor Member=JS3_S1
Removed Member From Class: ClassName=actuatorDriver Member=P1_MOT
Removed Member From Class: ClassName=actuatorDriver Member=P2_MOT
Removed Member From Class: ClassName=actuatorDriver Member=U1_MOT
Removed Member From Class: ClassName=Sensor Member=U4_S2
Change Component Designator: OldDesignator=C1 NewDesignator=C20
Change Component Designator: OldDesignator=C1_MOT NewDesignator=C1_M
Change Component Designator: OldDesignator=C1_MOT NewDesignator=C1_S
Change Component Designator: OldDesignator=C2 NewDesignator=C21
Change Component Designator: OldDesignator=C2_MOT NewDesignator=C2_M
Change Component Designator: OldDesignator=C2_MOT NewDesignator=C2_S
Change Component Designator: OldDesignator=C3 NewDesignator=C5
Change Component Designator: OldDesignator=C4 NewDesignator=C6
Change Component Designator: OldDesignator=C5 NewDesignator=C7
Change Component Designator: OldDesignator=C6 NewDesignator=C8
Change Component Designator: OldDesignator=C7 NewDesignator=C9
Change Component Designator: OldDesignator=C8 NewDesignator=C10
Change Component Designator: OldDesignator=C9 NewDesignator=C11
Change Component Designator: OldDesignator=C10 NewDesignator=C12
Change Component Designator: OldDesignator=C11 NewDesignator=C13
Change Component Designator: OldDesignator=C12 NewDesignator=C14
Change Component Designator: OldDesignator=C13 NewDesignator=C15
Change Component Designator: OldDesignator=C14 NewDesignator=C16
Change Component Designator: OldDesignator=C15 NewDesignator=C17
Change Component Designator: OldDesignator=C16 NewDesignator=C18
Change Component Designator: OldDesignator=C17 NewDesignator=C19
Change Component Designator: OldDesignator=C18 NewDesignator=C22
Change Component Designator: OldDesignator=C18_S2 NewDesignator=C23_M
Change Component Designator: OldDesignator=C18_S2 NewDesignator=C23_S
Change Component Designator: OldDesignator=C19_S2 NewDesignator=C24_M
Change Component Designator: OldDesignator=C19_S2 NewDesignator=C24_S
Change Component Designator: OldDesignator=C20 NewDesignator=C3
Change Component Designator: OldDesignator=C21 NewDesignator=C4
Change Component Designator: OldDesignator=CB1 NewDesignator=CB4
Change Component Designator: OldDesignator=CB2 NewDesignator=CB1
Change Component Designator: OldDesignator=CB3 NewDesignator=CB2
Change Component Designator: OldDesignator=CB4 NewDesignator=CB3
Change Component Designator: OldDesignator=D1 NewDesignator=D4
Change Component Designator: OldDesignator=D2 NewDesignator=D1
Change Component Designator: OldDesignator=D3 NewDesignator=D2
Change Component Designator: OldDesignator=D4 NewDesignator=D3
Change Component Designator: OldDesignator=D? NewDesignator=D5
Change Component Designator: OldDesignator=JS3_S1 NewDesignator=JS3_M
Change Component Designator: OldDesignator=JS3_S1 NewDesignator=JS3_S
Change Component Designator: OldDesignator=P1_MOT NewDesignator=P1_M
Change Component Designator: OldDesignator=P1_MOT NewDesignator=P1_S
Change Component Designator: OldDesignator=P2_MOT NewDesignator=P2_M
Change Component Designator: OldDesignator=P2_MOT NewDesignator=P2_S
Change Component Designator: OldDesignator=R1 NewDesignator=R5
Change Component Designator: OldDesignator=R2 NewDesignator=R6
Change Component Designator: OldDesignator=R3 NewDesignator=R7
Change Component Designator: OldDesignator=R4 NewDesignator=R8
Change Component Designator: OldDesignator=R5 NewDesignator=R9
Change Component Designator: OldDesignator=R6 NewDesignator=R10
Change Component Designator: OldDesignator=R7 NewDesignator=R11
Change Component Designator: OldDesignator=R8 NewDesignator=R12
Change Component Designator: OldDesignator=R9 NewDesignator=R13
Change Component Designator: OldDesignator=R10 NewDesignator=R14
Change Component Designator: OldDesignator=R11 NewDesignator=R15
Change Component Designator: OldDesignator=R12 NewDesignator=R16
Change Component Designator: OldDesignator=R13 NewDesignator=R17
Change Component Designator: OldDesignator=R14 NewDesignator=R18
Change Component Designator: OldDesignator=R15 NewDesignator=R19
Change Component Designator: OldDesignator=R16 NewDesignator=R20
Change Component Designator: OldDesignator=R17 NewDesignator=R21
Change Component Designator: OldDesignator=R18 NewDesignator=R22
Change Component Designator: OldDesignator=R19 NewDesignator=R23
Change Component Designator: OldDesignator=R20 NewDesignator=R24
Change Component Designator: OldDesignator=R21 NewDesignator=R25
Change Component Designator: OldDesignator=R22 NewDesignator=R26
Change Component Designator: OldDesignator=R23 NewDesignator=R27
Change Component Designator: OldDesignator=R24 NewDesignator=R32
Change Component Designator: OldDesignator=R25 NewDesignator=R30
Change Component Designator: OldDesignator=R26 NewDesignator=R33
Change Component Designator: OldDesignator=R27 NewDesignator=R34
Change Component Designator: OldDesignator=R28 NewDesignator=R35
Change Component Designator: OldDesignator=R29 NewDesignator=R1
Change Component Designator: OldDesignator=R30 NewDesignator=R2
Change Component Designator: OldDesignator=R31 NewDesignator=R3
Change Component Designator: OldDesignator=R32 NewDesignator=R4
Change Component Designator: OldDesignator=R33 NewDesignator=R28
Change Component Designator: OldDesignator=R34 NewDesignator=R29
Change Component Designator: OldDesignator=R35 NewDesignator=R31
Change Component Designator: OldDesignator=U1 NewDesignator=U5
Change Component Designator: OldDesignator=U1_MOT NewDesignator=U1_M
Change Component Designator: OldDesignator=U1_MOT NewDesignator=U1_S
Change Component Designator: OldDesignator=U2 NewDesignator=U3
Change Component Designator: OldDesignator=U3 NewDesignator=U4
Change Component Designator: OldDesignator=U4_S2 NewDesignator=U6_M
Change Component Designator: OldDesignator=U4_S2 NewDesignator=U6_S
Change Component Designator: OldDesignator=U5 NewDesignator=U2
Change Net Name : Old Net Name=EN New Net Name=EN1
Change Net Name : Old Net Name=EN New Net Name=EN2
Change Net Name : Old Net Name=GPIO1_S New Net Name=GPIO1_S_S
Change Net Name : Old Net Name=GPIO2_S New Net Name=GPIO2_S_S
Change Net Name : Old Net Name=NetC1_1 New Net Name=NetC20_1
Change Net Name : Old Net Name=NetC2_1 New Net Name=NetC21_1
Change Net Name : Old Net Name=NetC13_1 New Net Name=NetC15_1
Change Net Name : Old Net Name=NetC15_1 New Net Name=NetC17_1
Change Net Name : Old Net Name=NetC15_2 New Net Name=NetC17_2
Change Net Name : Old Net Name=NetC16_1 New Net Name=NetC18_1
Change Net Name : Old Net Name=NetC17_1 New Net Name=NetC19_1
Change Net Name : Old Net Name=NetC18_1 New Net Name=NetC22_1
Change Net Name : Old Net Name=NetCB1_2 New Net Name=NetCB4_2
Change Net Name : Old Net Name=NetCB2_2 New Net Name=NetCB1_2
Change Net Name : Old Net Name=NetCB3_2 New Net Name=NetCB2_2
Change Net Name : Old Net Name=NetCB4_2 New Net Name=NetCB3_2
Change Net Name : Old Net Name=NetD1_1 New Net Name=NetD4_1
Change Net Name : Old Net Name=NetD2_1 New Net Name=NetD1_1
Change Net Name : Old Net Name=NetD3_1 New Net Name=NetD2_1
Change Net Name : Old Net Name=NetD4_1 New Net Name=NetD3_1
Change Net Name : Old Net Name=NetP1_MOT_1 New Net Name=NetP1_M_1
Change Net Name : Old Net Name=NetP1_MOT_1 New Net Name=NetP1_S_1
Change Net Name : Old Net Name=NetP1_MOT_2 New Net Name=NetP1_M_2
Change Net Name : Old Net Name=NetP1_MOT_2 New Net Name=NetP1_S_2
Change Net Name : Old Net Name=NetR23_1 New Net Name=NetR27_1
Change Net Name : Old Net Name=NetR33_1 New Net Name=NetR28_1
Change Net Name : Old Net Name=nSLEEP New Net Name=nSLEEP1
Change Net Name : Old Net Name=nSLEEP New Net Name=nSLEEP2
Change Net Name : Old Net Name=PH New Net Name=PH1
Change Net Name : Old Net Name=PH New Net Name=PH2
Change Net Name : Old Net Name=SCL_S New Net Name=SCL_S_S
Change Net Name : Old Net Name=SDA_S New Net Name=SDA_S_S
Added Pin To Net: NetName=GPIO1_S_M Pin=JS3_M-3
Added Pin To Net: NetName=GPIO1_S_M Pin=U6_M-4
Added Net: Name=GPIO1_S_M
Added Pin To Net: NetName=GPIO2_S_M Pin=JS3_M-4
Added Pin To Net: NetName=GPIO2_S_M Pin=U6_M-1
Added Net: Name=GPIO2_S_M
Added Pin To Net: NetName=SCL_S_M Pin=JS3_M-6
Added Pin To Net: NetName=SCL_S_M Pin=U6_M-5
Added Net: Name=SCL_S_M
Added Pin To Net: NetName=SDA_S_M Pin=JS3_M-5
Added Pin To Net: NetName=SDA_S_M Pin=U6_M-6
Added Net: Name=SDA_S_M
Change Class Name : Old Net Name=actuatorDriver New Net Name=M
Change Class Name : Old Net Name=actuatorDriver New Net Name=S
Change Class Name : Old Net Name=Sensor New Net Name=M
Change Class Name : Old Net Name=Sensor New Net Name=S
Added Member To Class: ClassName=S Member=Component C1_S (C1) 100n
Added Member To Class: ClassName=S Member=Component C2_S (C2) 100n
Added Member To Class: ClassName=S Member=Component C23_S (C23) 100n
Added Member To Class: ClassName=S Member=Component C24_S (C24) 4.7u
Added Member To Class: ClassName=S Member=Component JS3_S (JS3) Header 8
Added Member To Class: ClassName=S Member=Component P1_S (P1) Actuator
Added Member To Class: ClassName=S Member=Component P2_S (P2) Header 3H
Added Member To Class: ClassName=CTRL Member=Component S1 SW-PB
Added Member To Class: ClassName=S Member=Component U1_S (U1) DRV8838
Added Member To Class: ClassName=S Member=Component U6_S (U6) VL6180x
Added Room: Name=COMBLE
Added Room: Name=CTRL
Added Room: Name=currentSensor
Added Room: Name=M
Added Room: Name=M
Added Room: Name=powerSupply
Added Room: Name=S
Added Room: Name=S
